  Moc'ing qpvz.h...
  Uic'ing qpvz.ui...
  Moc'ing QCardSelector.h...
  Moc'ing QCardBanks.h...
  Moc'ing QMyButton.h...
  Moc'ing QGameModeLoader.h...
  Moc'ing QItemShades.h...
  Moc'ing QMyCard.h...
  Moc'ing QMyMap.h...
  Moc'ing QMySunShine.h...
  Moc'ing QMyShovel.h...
  Moc'ing QMyProcessor.h...
  Moc'ing QMyDialog.h...
  Moc'ing QGameDisplayer.h...
  Moc'ing QGameMode.h...
  Moc'ing QMyObject.h...
  Moc'ing QPlants.h...
  Moc'ing QWeapons.h...
  Moc'ing QZombies.h...
  Rcc'ing qpvz.qrc...
  Uic'ing qmydialog.ui...
  moc_QCardBanks.cpp
  moc_QCardSelector.cpp
  moc_QGameDisplayer.cpp
  moc_QGameMode.cpp
  moc_QGameModeLoader.cpp
  moc_QItemShades.cpp
  moc_QMyButton.cpp
  moc_QMyCard.cpp
  moc_QMyDialog.cpp
  moc_QMyMap.cpp
  moc_QMyObject.cpp
  moc_QMyProcessor.cpp
  moc_QMyShovel.cpp
  moc_QMySunShine.cpp
  moc_QPlants.cpp
  moc_qpvz.cpp
  moc_QWeapons.cpp
  moc_QZombies.cpp
  main.cpp
  QCardBanks.cpp
  正在生成代码...
  正在编译...
  QCardSelector.cpp
  QEquipments.cpp
  QGameController.cpp
  QGameDisplayer.cpp
  QGameMode.cpp
  QGameModeLoader.cpp
  QItemShades.cpp
  QMyButton.cpp
  QMyCard.cpp
  QMyDialog.cpp
  QMyMap.cpp
  QMyObject.cpp
  QMyProcessor.cpp
  QMyShovel.cpp
  QPlants.cpp
  qpvz.cpp
  QSunShine.cpp
  QWeapons.cpp
  QZombies.cpp
  正在生成代码...
d:\文档\清华大学\程序设计实训\作业\qpvz\qpvz\qzombies.cpp(671): warning C4715: “QPoleVaultingZombie::inRange”: 不是所有的控件路径都返回值
d:\文档\清华大学\程序设计实训\作业\qpvz\qpvz\qgamemode.cpp(960): warning C4715: “QGameNetFightMode::plantTypeInttoEnum”: 不是所有的控件路径都返回值
  qrc_qpvz.cpp
  QPVZ.vcxproj -> D:\文档\清华大学\程序设计实训\作业\QPVZ\Win32\Debug\QPVZ.exe
