d:\文档\清华大学\程序设计实训\作业\qpvz\qpvz\x64\debug\vc140.pdb
d:\文档\清华大学\程序设计实训\作业\qpvz\qpvz\x64\debug\qmybutton.obj
d:\文档\清华大学\程序设计实训\作业\qpvz\qpvz\x64\debug\qgamemodeloader.obj
d:\文档\清华大学\程序设计实训\作业\qpvz\qpvz\x64\debug\qgamemode.obj
d:\文档\清华大学\程序设计实训\作业\qpvz\qpvz\x64\debug\qgamedisplayer.obj
d:\文档\清华大学\程序设计实训\作业\qpvz\qpvz\x64\debug\qgamecontroller.obj
d:\文档\清华大学\程序设计实训\作业\qpvz\qpvz\x64\debug\qfightmethods.obj
d:\文档\清华大学\程序设计实训\作业\qpvz\qpvz\x64\debug\qequipments.obj
d:\文档\清华大学\程序设计实训\作业\qpvz\qpvz\x64\debug\qcardselector.obj
d:\文档\清华大学\程序设计实训\作业\qpvz\qpvz\x64\debug\qcardbank.obj
d:\文档\清华大学\程序设计实训\作业\qpvz\qpvz\x64\debug\main.obj
d:\文档\清华大学\程序设计实训\作业\qpvz\qpvz\x64\debug\moc_qpvz.obj
d:\文档\清华大学\程序设计实训\作业\qpvz\qpvz\x64\debug\moc_qplants.obj
d:\文档\清华大学\程序设计实训\作业\qpvz\qpvz\x64\debug\moc_qmyobject.obj
d:\文档\清华大学\程序设计实训\作业\qpvz\qpvz\x64\debug\moc_qmybutton.obj
d:\文档\清华大学\程序设计实训\作业\qpvz\qpvz\x64\debug\moc_qgamemodeloader.obj
d:\文档\清华大学\程序设计实训\作业\qpvz\qpvz\x64\debug\moc_qgamemode.obj
d:\文档\清华大学\程序设计实训\作业\qpvz\qpvz\x64\debug\moc_qgamedisplayer.obj
d:\文档\清华大学\程序设计实训\作业\qpvz\qpvz\x64\debug\moc_qgamecontroller.obj
d:\文档\清华大学\程序设计实训\作业\qpvz\qpvz\x64\debug\moc_qcardselector.obj
d:\文档\清华大学\程序设计实训\作业\qpvz\qpvz\x64\debug\qzombies.obj
d:\文档\清华大学\程序设计实训\作业\qpvz\qpvz\x64\debug\qweapoons.obj
d:\文档\清华大学\程序设计实训\作业\qpvz\qpvz\x64\debug\qpvz.obj
d:\文档\清华大学\程序设计实训\作业\qpvz\qpvz\x64\debug\qplants.obj
d:\文档\清华大学\程序设计实训\作业\qpvz\qpvz\x64\debug\qmyobject.obj
d:\文档\清华大学\程序设计实训\作业\qpvz\qpvz\x64\debug\qmycard.obj
d:\文档\清华大学\程序设计实训\作业\qpvz\qpvz\x64\debug\qcardbanks.obj
d:\文档\清华大学\程序设计实训\作业\qpvz\qpvz\x64\debug\moc_qcardbanks.obj
d:\文档\清华大学\程序设计实训\作业\qpvz\qpvz\x64\debug\qmymap.obj
d:\文档\清华大学\程序设计实训\作业\qpvz\qpvz\x64\debug\qitemshades.obj
d:\文档\清华大学\程序设计实训\作业\qpvz\qpvz\x64\debug\moc_qitemshades.obj
d:\文档\清华大学\程序设计实训\作业\qpvz\qpvz\x64\debug\moc_qmymap.obj
d:\文档\清华大学\程序设计实训\作业\qpvz\qpvz\x64\debug\moc_qmycard.obj
d:\文档\清华大学\程序设计实训\作业\qpvz\qpvz\x64\debug\qweapons.obj
d:\文档\清华大学\程序设计实训\作业\qpvz\qpvz\x64\debug\moc_qweapons.obj
d:\文档\清华大学\程序设计实训\作业\qpvz\qpvz\x64\debug\moc_qzombies.obj
d:\文档\清华大学\程序设计实训\作业\qpvz\qpvz\x64\debug\qsunshine.obj
d:\文档\清华大学\程序设计实训\作业\qpvz\qpvz\x64\debug\moc_qmysunshine.obj
d:\文档\清华大学\程序设计实训\作业\qpvz\qpvz\x64\debug\moc_qmyshovel.obj
d:\文档\清华大学\程序设计实训\作业\qpvz\qpvz\x64\debug\qmyshovel.obj
d:\文档\清华大学\程序设计实训\作业\qpvz\qpvz\x64\debug\qmyprocessor.obj
d:\文档\清华大学\程序设计实训\作业\qpvz\qpvz\x64\debug\moc_qmyprocessor.obj
d:\文档\清华大学\程序设计实训\作业\qpvz\qpvz\x64\debug\qmydialog.obj
d:\文档\清华大学\程序设计实训\作业\qpvz\qpvz\x64\debug\moc_qmydialog.obj
d:\文档\清华大学\程序设计实训\作业\qpvz\qpvz\x64\debug\qrc_qpvz.obj
d:\文档\清华大学\程序设计实训\作业\qpvz\qpvz\generatedfiles\ui_qpvz.h
d:\文档\清华大学\程序设计实训\作业\qpvz\qpvz\generatedfiles\qrc_qpvz.cpp
d:\文档\清华大学\程序设计实训\作业\qpvz\qpvz\generatedfiles\ui_qmydialog.h
d:\文档\清华大学\程序设计实训\作业\qpvz\qpvz\generatedfiles\debug\moc_qpvz.cpp
d:\文档\清华大学\程序设计实训\作业\qpvz\qpvz\generatedfiles\debug\moc_qcardselector.cpp
d:\文档\清华大学\程序设计实训\作业\qpvz\qpvz\generatedfiles\debug\moc_qcardbanks.cpp
d:\文档\清华大学\程序设计实训\作业\qpvz\qpvz\generatedfiles\debug\moc_qmybutton.cpp
d:\文档\清华大学\程序设计实训\作业\qpvz\qpvz\generatedfiles\debug\moc_qgamemodeloader.cpp
d:\文档\清华大学\程序设计实训\作业\qpvz\qpvz\generatedfiles\debug\moc_qitemshades.cpp
d:\文档\清华大学\程序设计实训\作业\qpvz\qpvz\generatedfiles\debug\moc_qmymap.cpp
d:\文档\清华大学\程序设计实训\作业\qpvz\qpvz\generatedfiles\debug\moc_qmysunshine.cpp
d:\文档\清华大学\程序设计实训\作业\qpvz\qpvz\generatedfiles\debug\moc_qmyshovel.cpp
d:\文档\清华大学\程序设计实训\作业\qpvz\qpvz\generatedfiles\debug\moc_qmyprocessor.cpp
d:\文档\清华大学\程序设计实训\作业\qpvz\qpvz\generatedfiles\debug\moc_qmydialog.cpp
d:\文档\清华大学\程序设计实训\作业\qpvz\qpvz\generatedfiles\debug\moc_qgamedisplayer.cpp
d:\文档\清华大学\程序设计实训\作业\qpvz\qpvz\generatedfiles\debug\moc_qmyobject.cpp
d:\文档\清华大学\程序设计实训\作业\qpvz\qpvz\generatedfiles\debug\moc_qweapons.cpp
d:\文档\清华大学\程序设计实训\作业\qpvz\qpvz\generatedfiles\debug\moc_qzombies.cpp
d:\文档\清华大学\程序设计实训\作业\qpvz\qpvz\generatedfiles\debug\moc_qgamemode.cpp
d:\文档\清华大学\程序设计实训\作业\qpvz\qpvz\generatedfiles\debug\moc_qmycard.cpp
d:\文档\清华大学\程序设计实训\作业\qpvz\qpvz\generatedfiles\debug\moc_qplants.cpp
d:\文档\清华大学\程序设计实训\作业\qpvz\x64\debug\qpvz.ilk
d:\文档\清华大学\程序设计实训\作业\qpvz\x64\debug\qpvz.exe
d:\文档\清华大学\程序设计实训\作业\qpvz\x64\debug\qpvz.pdb
d:\文档\清华大学\程序设计实训\作业\qpvz\qpvz\x64\debug\qpvz.res
d:\文档\清华大学\程序设计实训\作业\qpvz\qpvz\x64\debug\qpvz.tlog\cl.command.1.tlog
d:\文档\清华大学\程序设计实训\作业\qpvz\qpvz\x64\debug\qpvz.tlog\cl.read.1.tlog
d:\文档\清华大学\程序设计实训\作业\qpvz\qpvz\x64\debug\qpvz.tlog\cl.write.1.tlog
d:\文档\清华大学\程序设计实训\作业\qpvz\qpvz\x64\debug\qpvz.tlog\custombuild.command.1.tlog
d:\文档\清华大学\程序设计实训\作业\qpvz\qpvz\x64\debug\qpvz.tlog\custombuild.read.1.tlog
d:\文档\清华大学\程序设计实训\作业\qpvz\qpvz\x64\debug\qpvz.tlog\custombuild.write.1.tlog
d:\文档\清华大学\程序设计实训\作业\qpvz\qpvz\x64\debug\qpvz.tlog\link.command.1.tlog
d:\文档\清华大学\程序设计实训\作业\qpvz\qpvz\x64\debug\qpvz.tlog\link.read.1.tlog
d:\文档\清华大学\程序设计实训\作业\qpvz\qpvz\x64\debug\qpvz.tlog\link.write.1.tlog
d:\文档\清华大学\程序设计实训\作业\qpvz\qpvz\x64\debug\qpvz.tlog\rc.command.1.tlog
d:\文档\清华大学\程序设计实训\作业\qpvz\qpvz\x64\debug\qpvz.tlog\rc.read.1.tlog
d:\文档\清华大学\程序设计实训\作业\qpvz\qpvz\x64\debug\qpvz.tlog\rc.write.1.tlog
