d:\文档\清华大学\程序设计实训\作业\qpvz\qpvz\release\qcardbanks.obj
d:\文档\清华大学\程序设计实训\作业\qpvz\qpvz\release\main.obj
d:\文档\清华大学\程序设计实训\作业\qpvz\qpvz\release\moc_qzombies.obj
d:\文档\清华大学\程序设计实训\作业\qpvz\qpvz\release\moc_qweapons.obj
d:\文档\清华大学\程序设计实训\作业\qpvz\qpvz\release\moc_qpvz.obj
d:\文档\清华大学\程序设计实训\作业\qpvz\qpvz\release\moc_qplants.obj
d:\文档\清华大学\程序设计实训\作业\qpvz\qpvz\release\moc_qmysunshine.obj
d:\文档\清华大学\程序设计实训\作业\qpvz\qpvz\release\moc_qmyshovel.obj
d:\文档\清华大学\程序设计实训\作业\qpvz\qpvz\release\moc_qmyprocessor.obj
d:\文档\清华大学\程序设计实训\作业\qpvz\qpvz\release\moc_qmyobject.obj
d:\文档\清华大学\程序设计实训\作业\qpvz\qpvz\release\moc_qmydialog.obj
d:\文档\清华大学\程序设计实训\作业\qpvz\qpvz\release\moc_qmybutton.obj
d:\文档\清华大学\程序设计实训\作业\qpvz\qpvz\release\moc_qitemshades.obj
d:\文档\清华大学\程序设计实训\作业\qpvz\qpvz\release\moc_qgamemodeloader.obj
d:\文档\清华大学\程序设计实训\作业\qpvz\qpvz\release\moc_qgamemode.obj
d:\文档\清华大学\程序设计实训\作业\qpvz\qpvz\release\moc_qgamedisplayer.obj
d:\文档\清华大学\程序设计实训\作业\qpvz\qpvz\release\moc_qcardselector.obj
d:\文档\清华大学\程序设计实训\作业\qpvz\qpvz\release\moc_qmymap.obj
d:\文档\清华大学\程序设计实训\作业\qpvz\qpvz\release\moc_qmycard.obj
d:\文档\清华大学\程序设计实训\作业\qpvz\qpvz\release\moc_qcardbanks.obj
d:\文档\清华大学\程序设计实训\作业\qpvz\qpvz\release\qzombies.obj
d:\文档\清华大学\程序设计实训\作业\qpvz\qpvz\release\qweapons.obj
d:\文档\清华大学\程序设计实训\作业\qpvz\qpvz\release\qsunshine.obj
d:\文档\清华大学\程序设计实训\作业\qpvz\qpvz\release\qpvz.obj
d:\文档\清华大学\程序设计实训\作业\qpvz\qpvz\release\qplants.obj
d:\文档\清华大学\程序设计实训\作业\qpvz\qpvz\release\qmyshovel.obj
d:\文档\清华大学\程序设计实训\作业\qpvz\qpvz\release\qmyprocessor.obj
d:\文档\清华大学\程序设计实训\作业\qpvz\qpvz\release\qmyobject.obj
d:\文档\清华大学\程序设计实训\作业\qpvz\qpvz\release\qmymap.obj
d:\文档\清华大学\程序设计实训\作业\qpvz\qpvz\release\qmydialog.obj
d:\文档\清华大学\程序设计实训\作业\qpvz\qpvz\release\qmycard.obj
d:\文档\清华大学\程序设计实训\作业\qpvz\qpvz\release\qmybutton.obj
d:\文档\清华大学\程序设计实训\作业\qpvz\qpvz\release\qitemshades.obj
d:\文档\清华大学\程序设计实训\作业\qpvz\qpvz\release\qgamemodeloader.obj
d:\文档\清华大学\程序设计实训\作业\qpvz\qpvz\release\qgamemode.obj
d:\文档\清华大学\程序设计实训\作业\qpvz\qpvz\release\qgamedisplayer.obj
d:\文档\清华大学\程序设计实训\作业\qpvz\qpvz\release\qgamecontroller.obj
d:\文档\清华大学\程序设计实训\作业\qpvz\qpvz\release\qcardselector.obj
d:\文档\清华大学\程序设计实训\作业\qpvz\qpvz\release\qrc_qpvz.obj
d:\文档\清华大学\程序设计实训\作业\qpvz\qpvz\generatedfiles\release\moc_qpvz.cpp
d:\文档\清华大学\程序设计实训\作业\qpvz\qpvz\generatedfiles\ui_qpvz.h
d:\文档\清华大学\程序设计实训\作业\qpvz\qpvz\generatedfiles\release\moc_qcardselector.cpp
d:\文档\清华大学\程序设计实训\作业\qpvz\qpvz\generatedfiles\release\moc_qcardbanks.cpp
d:\文档\清华大学\程序设计实训\作业\qpvz\qpvz\generatedfiles\release\moc_qmybutton.cpp
d:\文档\清华大学\程序设计实训\作业\qpvz\qpvz\generatedfiles\release\moc_qgamemodeloader.cpp
d:\文档\清华大学\程序设计实训\作业\qpvz\qpvz\generatedfiles\release\moc_qitemshades.cpp
d:\文档\清华大学\程序设计实训\作业\qpvz\qpvz\generatedfiles\release\moc_qmycard.cpp
d:\文档\清华大学\程序设计实训\作业\qpvz\qpvz\generatedfiles\release\moc_qmymap.cpp
d:\文档\清华大学\程序设计实训\作业\qpvz\qpvz\generatedfiles\release\moc_qmysunshine.cpp
d:\文档\清华大学\程序设计实训\作业\qpvz\qpvz\generatedfiles\release\moc_qmyshovel.cpp
d:\文档\清华大学\程序设计实训\作业\qpvz\qpvz\generatedfiles\release\moc_qmyprocessor.cpp
d:\文档\清华大学\程序设计实训\作业\qpvz\qpvz\generatedfiles\release\moc_qmydialog.cpp
d:\文档\清华大学\程序设计实训\作业\qpvz\qpvz\generatedfiles\release\moc_qgamedisplayer.cpp
d:\文档\清华大学\程序设计实训\作业\qpvz\qpvz\generatedfiles\release\moc_qgamemode.cpp
d:\文档\清华大学\程序设计实训\作业\qpvz\qpvz\generatedfiles\release\moc_qmyobject.cpp
d:\文档\清华大学\程序设计实训\作业\qpvz\qpvz\generatedfiles\release\moc_qplants.cpp
d:\文档\清华大学\程序设计实训\作业\qpvz\qpvz\generatedfiles\release\moc_qweapons.cpp
d:\文档\清华大学\程序设计实训\作业\qpvz\qpvz\generatedfiles\release\moc_qzombies.cpp
d:\文档\清华大学\程序设计实训\作业\qpvz\qpvz\generatedfiles\qrc_qpvz.cpp
d:\文档\清华大学\程序设计实训\作业\qpvz\qpvz\generatedfiles\ui_qmydialog.h
d:\文档\清华大学\程序设计实训\作业\qpvz\win32\release\qpvz.exe
d:\文档\清华大学\程序设计实训\作业\qpvz\qpvz\release\qpvz.res
d:\文档\清华大学\程序设计实训\作业\qpvz\qpvz\release\qpvz.tlog\cl.command.1.tlog
d:\文档\清华大学\程序设计实训\作业\qpvz\qpvz\release\qpvz.tlog\cl.read.1.tlog
d:\文档\清华大学\程序设计实训\作业\qpvz\qpvz\release\qpvz.tlog\cl.write.1.tlog
d:\文档\清华大学\程序设计实训\作业\qpvz\qpvz\release\qpvz.tlog\custombuild.command.1.tlog
d:\文档\清华大学\程序设计实训\作业\qpvz\qpvz\release\qpvz.tlog\custombuild.read.1.tlog
d:\文档\清华大学\程序设计实训\作业\qpvz\qpvz\release\qpvz.tlog\custombuild.write.1.tlog
d:\文档\清华大学\程序设计实训\作业\qpvz\qpvz\release\qpvz.tlog\link.command.1.tlog
d:\文档\清华大学\程序设计实训\作业\qpvz\qpvz\release\qpvz.tlog\link.read.1.tlog
d:\文档\清华大学\程序设计实训\作业\qpvz\qpvz\release\qpvz.tlog\link.write.1.tlog
d:\文档\清华大学\程序设计实训\作业\qpvz\qpvz\release\qpvz.tlog\rc.command.1.tlog
d:\文档\清华大学\程序设计实训\作业\qpvz\qpvz\release\qpvz.tlog\rc.read.1.tlog
d:\文档\清华大学\程序设计实训\作业\qpvz\qpvz\release\qpvz.tlog\rc.write.1.tlog
